{"contracts/SimpleSwap.sol":{"l":{"74":18,"75":17,"76":17,"77":17,"84":0,"85":0,"91":24,"92":23,"97":15,"98":15,"127":16,"128":16,"129":16,"130":15,"132":14,"133":14,"134":14,"135":14,"136":14,"137":14,"139":14,"140":12,"141":12,"143":2,"144":2,"145":2,"146":1,"147":1,"149":0,"150":0,"151":0,"152":0,"156":13,"157":13,"159":13,"160":12,"162":1,"163":1,"164":1,"167":13,"169":13,"170":13,"171":13,"174":13,"176":13,"198":4,"199":4,"200":4,"201":4,"203":4,"204":3,"206":3,"207":3,"209":2,"211":2,"212":2,"214":2,"216":1,"217":1,"218":1,"221":1,"222":1,"224":1,"226":1,"227":1,"245":3,"248":2,"249":2,"250":2,"252":2,"253":2,"255":2,"256":2,"257":2,"259":2,"260":2,"261":2,"264":2,"267":1,"268":1,"270":1,"272":1,"273":1,"274":1,"276":1,"284":2,"285":2,"286":2,"287":2,"289":2,"295":1,"299":1,"312":3,"313":3,"315":3,"316":3,"317":3,"318":3,"331":0,"332":0,"333":0,"334":0,"336":0,"342":0,"346":0,"351":0,"358":12,"359":12,"360":12,"361":12,"362":900,"363":900,"365":12,"367":0,"368":0,"370":0,"371":0},"path":"/home/ubuntu/ethkipu/tp4/frontend-simpleswap-solidity/contracts/SimpleSwap.sol","s":{"1":18,"2":17,"3":0,"4":24,"5":16,"6":16,"7":16,"8":15,"9":14,"10":14,"11":2,"12":2,"13":2,"14":0,"15":0,"16":13,"17":13,"18":13,"19":1,"20":1,"21":13,"22":13,"23":13,"24":13,"25":4,"26":4,"27":4,"28":4,"29":4,"30":3,"31":3,"32":3,"33":2,"34":2,"35":1,"36":1,"37":1,"38":1,"39":1,"40":1,"41":3,"42":2,"43":2,"44":2,"45":2,"46":2,"47":2,"48":2,"49":2,"50":2,"51":1,"52":1,"53":1,"54":1,"55":2,"56":2,"57":2,"58":2,"59":2,"60":1,"61":3,"62":3,"63":3,"64":3,"65":3,"66":0,"67":0,"68":0,"69":0,"70":0,"71":0,"72":0,"73":0,"74":12,"75":12,"76":12,"77":12,"78":0,"79":0,"80":0},"b":{"1":[17,1],"2":[17,0],"3":[0,0],"4":[23,1],"5":[16,1],"6":[15,1],"7":[14,1],"8":[12,2],"9":[2,0],"10":[1,1],"11":[0,0],"12":[13,0],"13":[13,0],"14":[12,1],"15":[0,1],"16":[13,0],"17":[4,0],"18":[3,1],"19":[3,0],"20":[2,1],"21":[1,1],"22":[1,0],"23":[1,0],"24":[3,0],"25":[2,1],"26":[2,0],"27":[2,0],"28":[2,0],"29":[2,0],"30":[2,0],"31":[2,0],"32":[1,1],"33":[1,0],"34":[1,0],"35":[1,1],"36":[1,0],"37":[1,0],"38":[3,0],"39":[3,0],"40":[0,0],"41":[0,0],"42":[0,0],"43":[0,0],"44":[12,0],"45":[0,0]},"f":{"1":18,"2":0,"3":24,"4":15,"5":16,"6":4,"7":3,"8":2,"9":3,"10":0,"11":0,"12":12},"fnMap":{"1":{"name":"constructor","line":73,"loc":{"start":{"line":73,"column":4},"end":{"line":78,"column":4}}},"2":{"name":"onlyOwner","line":83,"loc":{"start":{"line":83,"column":4},"end":{"line":86,"column":4}}},"3":{"name":"ensure","line":90,"loc":{"start":{"line":90,"column":4},"end":{"line":93,"column":4}}},"4":{"name":"_updateReserves","line":96,"loc":{"start":{"line":96,"column":4},"end":{"line":99,"column":4}}},"5":{"name":"addLiquidity","line":122,"loc":{"start":{"line":113,"column":4},"end":{"line":177,"column":4}}},"6":{"name":"removeLiquidity","line":197,"loc":{"start":{"line":189,"column":4},"end":{"line":228,"column":4}}},"7":{"name":"swapExactTokensForTokens","line":244,"loc":{"start":{"line":238,"column":4},"end":{"line":277,"column":4}}},"8":{"name":"getPrice","line":283,"loc":{"start":{"line":283,"column":4},"end":{"line":300,"column":4}}},"9":{"name":"getAmountOut","line":307,"loc":{"start":{"line":307,"column":4},"end":{"line":319,"column":4}}},"10":{"name":"getAmountOut","line":326,"loc":{"start":{"line":326,"column":4},"end":{"line":347,"column":4}}},"11":{"name":"withdraw","line":350,"loc":{"start":{"line":350,"column":4},"end":{"line":352,"column":4}}},"12":{"name":"_sqrt","line":357,"loc":{"start":{"line":357,"column":4},"end":{"line":373,"column":4}}}},"statementMap":{"1":{"start":{"line":74,"column":8},"end":{"line":74,"column":50}},"2":{"start":{"line":75,"column":8},"end":{"line":75,"column":73}},"3":{"start":{"line":84,"column":8},"end":{"line":84,"column":49}},"4":{"start":{"line":91,"column":8},"end":{"line":91,"column":54}},"5":{"start":{"line":127,"column":8},"end":{"line":127,"column":27}},"6":{"start":{"line":128,"column":8},"end":{"line":128,"column":27}},"7":{"start":{"line":129,"column":8},"end":{"line":129,"column":50}},"8":{"start":{"line":130,"column":8},"end":{"line":130,"column":38}},"9":{"start":{"line":132,"column":8},"end":{"line":132,"column":30}},"10":{"start":{"line":139,"column":8},"end":{"line":139,"column":5063}},"11":{"start":{"line":143,"column":12},"end":{"line":143,"column":56}},"12":{"start":{"line":144,"column":12},"end":{"line":144,"column":5236}},"13":{"start":{"line":145,"column":16},"end":{"line":145,"column":48}},"14":{"start":{"line":149,"column":16},"end":{"line":149,"column":60}},"15":{"start":{"line":150,"column":16},"end":{"line":150,"column":48}},"16":{"start":{"line":156,"column":8},"end":{"line":156,"column":83}},"17":{"start":{"line":157,"column":8},"end":{"line":157,"column":83}},"18":{"start":{"line":159,"column":8},"end":{"line":159,"column":5780}},"19":{"start":{"line":162,"column":12},"end":{"line":162,"column":54}},"20":{"start":{"line":163,"column":12},"end":{"line":163,"column":54}},"21":{"start":{"line":167,"column":8},"end":{"line":167,"column":35}},"22":{"start":{"line":169,"column":8},"end":{"line":169,"column":27}},"23":{"start":{"line":174,"column":8},"end":{"line":174,"column":24}},"24":{"start":{"line":176,"column":8},"end":{"line":176,"column":68}},"25":{"start":{"line":198,"column":8},"end":{"line":198,"column":32}},"26":{"start":{"line":199,"column":8},"end":{"line":199,"column":32}},"27":{"start":{"line":200,"column":8},"end":{"line":200,"column":36}},"28":{"start":{"line":201,"column":8},"end":{"line":201,"column":36}},"29":{"start":{"line":203,"column":8},"end":{"line":203,"column":60}},"30":{"start":{"line":204,"column":8},"end":{"line":204,"column":38}},"31":{"start":{"line":206,"column":8},"end":{"line":206,"column":60}},"32":{"start":{"line":207,"column":8},"end":{"line":207,"column":65}},"33":{"start":{"line":209,"column":8},"end":{"line":209,"column":39}},"34":{"start":{"line":214,"column":8},"end":{"line":214,"column":68}},"35":{"start":{"line":216,"column":8},"end":{"line":216,"column":35}},"36":{"start":{"line":221,"column":8},"end":{"line":221,"column":60}},"37":{"start":{"line":222,"column":8},"end":{"line":222,"column":60}},"38":{"start":{"line":224,"column":8},"end":{"line":224,"column":24}},"39":{"start":{"line":226,"column":8},"end":{"line":226,"column":31}},"40":{"start":{"line":227,"column":8},"end":{"line":227,"column":74}},"41":{"start":{"line":245,"column":8},"end":{"line":245,"column":38}},"42":{"start":{"line":248,"column":8},"end":{"line":248,"column":24}},"43":{"start":{"line":249,"column":8},"end":{"line":249,"column":25}},"44":{"start":{"line":252,"column":12},"end":{"line":252,"column":35}},"45":{"start":{"line":253,"column":12},"end":{"line":253,"column":35}},"46":{"start":{"line":256,"column":12},"end":{"line":256,"column":58}},"47":{"start":{"line":257,"column":12},"end":{"line":257,"column":99}},"48":{"start":{"line":259,"column":12},"end":{"line":259,"column":59}},"49":{"start":{"line":260,"column":12},"end":{"line":260,"column":60}},"50":{"start":{"line":264,"column":8},"end":{"line":264,"column":47}},"51":{"start":{"line":267,"column":8},"end":{"line":267,"column":109}},"52":{"start":{"line":268,"column":8},"end":{"line":268,"column":83}},"53":{"start":{"line":270,"column":8},"end":{"line":270,"column":24}},"54":{"start":{"line":276,"column":8},"end":{"line":276,"column":62}},"55":{"start":{"line":284,"column":8},"end":{"line":284,"column":32}},"56":{"start":{"line":285,"column":8},"end":{"line":285,"column":32}},"57":{"start":{"line":286,"column":8},"end":{"line":286,"column":29}},"58":{"start":{"line":287,"column":8},"end":{"line":287,"column":29}},"59":{"start":{"line":289,"column":8},"end":{"line":289,"column":10476}},"60":{"start":{"line":299,"column":8},"end":{"line":299,"column":20}},"61":{"start":{"line":312,"column":8},"end":{"line":312,"column":39}},"62":{"start":{"line":313,"column":8},"end":{"line":313,"column":64}},"63":{"start":{"line":315,"column":8},"end":{"line":315,"column":49}},"64":{"start":{"line":316,"column":8},"end":{"line":316,"column":50}},"65":{"start":{"line":318,"column":8},"end":{"line":318,"column":24}},"66":{"start":{"line":331,"column":8},"end":{"line":331,"column":31}},"67":{"start":{"line":332,"column":8},"end":{"line":332,"column":31}},"68":{"start":{"line":333,"column":8},"end":{"line":333,"column":29}},"69":{"start":{"line":334,"column":8},"end":{"line":334,"column":29}},"70":{"start":{"line":336,"column":8},"end":{"line":336,"column":12001}},"71":{"start":{"line":342,"column":8},"end":{"line":342,"column":12183}},"72":{"start":{"line":346,"column":8},"end":{"line":346,"column":48}},"73":{"start":{"line":351,"column":8},"end":{"line":351,"column":53}},"74":{"start":{"line":358,"column":8},"end":{"line":358,"column":12674}},"75":{"start":{"line":360,"column":12},"end":{"line":360,"column":33}},"76":{"start":{"line":361,"column":12},"end":{"line":361,"column":12757}},"77":{"start":{"line":365,"column":12},"end":{"line":365,"column":20}},"78":{"start":{"line":366,"column":15},"end":{"line":366,"column":12880}},"79":{"start":{"line":368,"column":12},"end":{"line":368,"column":20}},"80":{"start":{"line":371,"column":12},"end":{"line":371,"column":20}}},"branchMap":{"1":{"line":74,"type":"if","locations":[{"start":{"line":74,"column":8},"end":{"line":74,"column":8}},{"start":{"line":74,"column":8},"end":{"line":74,"column":8}}]},"2":{"line":75,"type":"if","locations":[{"start":{"line":75,"column":8},"end":{"line":75,"column":8}},{"start":{"line":75,"column":8},"end":{"line":75,"column":8}}]},"3":{"line":84,"type":"if","locations":[{"start":{"line":84,"column":8},"end":{"line":84,"column":8}},{"start":{"line":84,"column":8},"end":{"line":84,"column":8}}]},"4":{"line":91,"type":"if","locations":[{"start":{"line":91,"column":8},"end":{"line":91,"column":8}},{"start":{"line":91,"column":8},"end":{"line":91,"column":8}}]},"5":{"line":122,"type":"if","locations":[{"start":{"line":122,"column":15},"end":{"line":122,"column":15}},{"start":{"line":122,"column":15},"end":{"line":122,"column":15}}]},"6":{"line":129,"type":"if","locations":[{"start":{"line":129,"column":8},"end":{"line":129,"column":8}},{"start":{"line":129,"column":8},"end":{"line":129,"column":8}}]},"7":{"line":130,"type":"if","locations":[{"start":{"line":130,"column":8},"end":{"line":130,"column":8}},{"start":{"line":130,"column":8},"end":{"line":130,"column":8}}]},"8":{"line":139,"type":"if","locations":[{"start":{"line":139,"column":8},"end":{"line":139,"column":8}},{"start":{"line":139,"column":8},"end":{"line":139,"column":8}}]},"9":{"line":144,"type":"if","locations":[{"start":{"line":144,"column":12},"end":{"line":144,"column":12}},{"start":{"line":144,"column":12},"end":{"line":144,"column":12}}]},"10":{"line":145,"type":"if","locations":[{"start":{"line":145,"column":16},"end":{"line":145,"column":16}},{"start":{"line":145,"column":16},"end":{"line":145,"column":16}}]},"11":{"line":150,"type":"if","locations":[{"start":{"line":150,"column":16},"end":{"line":150,"column":16}},{"start":{"line":150,"column":16},"end":{"line":150,"column":16}}]},"12":{"line":156,"type":"if","locations":[{"start":{"line":156,"column":8},"end":{"line":156,"column":8}},{"start":{"line":156,"column":8},"end":{"line":156,"column":8}}]},"13":{"line":157,"type":"if","locations":[{"start":{"line":157,"column":8},"end":{"line":157,"column":8}},{"start":{"line":157,"column":8},"end":{"line":157,"column":8}}]},"14":{"line":159,"type":"if","locations":[{"start":{"line":159,"column":8},"end":{"line":159,"column":8}},{"start":{"line":159,"column":8},"end":{"line":159,"column":8}}]},"15":{"line":164,"type":"if","locations":[{"start":{"line":164,"column":34},"end":{"line":164,"column":35}},{"start":{"line":164,"column":39},"end":{"line":164,"column":40}}]},"16":{"line":167,"type":"if","locations":[{"start":{"line":167,"column":8},"end":{"line":167,"column":8}},{"start":{"line":167,"column":8},"end":{"line":167,"column":8}}]},"17":{"line":197,"type":"if","locations":[{"start":{"line":197,"column":15},"end":{"line":197,"column":15}},{"start":{"line":197,"column":15},"end":{"line":197,"column":15}}]},"18":{"line":203,"type":"if","locations":[{"start":{"line":203,"column":8},"end":{"line":203,"column":8}},{"start":{"line":203,"column":8},"end":{"line":203,"column":8}}]},"19":{"line":204,"type":"if","locations":[{"start":{"line":204,"column":8},"end":{"line":204,"column":8}},{"start":{"line":204,"column":8},"end":{"line":204,"column":8}}]},"20":{"line":207,"type":"if","locations":[{"start":{"line":207,"column":8},"end":{"line":207,"column":8}},{"start":{"line":207,"column":8},"end":{"line":207,"column":8}}]},"21":{"line":214,"type":"if","locations":[{"start":{"line":214,"column":8},"end":{"line":214,"column":8}},{"start":{"line":214,"column":8},"end":{"line":214,"column":8}}]},"22":{"line":221,"type":"if","locations":[{"start":{"line":221,"column":8},"end":{"line":221,"column":8}},{"start":{"line":221,"column":8},"end":{"line":221,"column":8}}]},"23":{"line":222,"type":"if","locations":[{"start":{"line":222,"column":8},"end":{"line":222,"column":8}},{"start":{"line":222,"column":8},"end":{"line":222,"column":8}}]},"24":{"line":244,"type":"if","locations":[{"start":{"line":244,"column":15},"end":{"line":244,"column":15}},{"start":{"line":244,"column":15},"end":{"line":244,"column":15}}]},"25":{"line":245,"type":"if","locations":[{"start":{"line":245,"column":8},"end":{"line":245,"column":8}},{"start":{"line":245,"column":8},"end":{"line":245,"column":8}}]},"26":{"line":256,"type":"if","locations":[{"start":{"line":256,"column":12},"end":{"line":256,"column":12}},{"start":{"line":256,"column":12},"end":{"line":256,"column":12}}]},"27":{"line":256,"type":"cond-expr","locations":[{"start":{"line":256,"column":20},"end":{"line":256,"column":30}},{"start":{"line":256,"column":35},"end":{"line":256,"column":51}}]},"28":{"line":257,"type":"if","locations":[{"start":{"line":257,"column":12},"end":{"line":257,"column":12}},{"start":{"line":257,"column":12},"end":{"line":257,"column":12}}]},"29":{"line":257,"type":"cond-expr","locations":[{"start":{"line":257,"column":20},"end":{"line":257,"column":53}},{"start":{"line":257,"column":58},"end":{"line":257,"column":92}}]},"30":{"line":259,"type":"if","locations":[{"start":{"line":259,"column":40},"end":{"line":259,"column":47}},{"start":{"line":259,"column":51},"end":{"line":259,"column":58}}]},"31":{"line":260,"type":"if","locations":[{"start":{"line":260,"column":41},"end":{"line":260,"column":48}},{"start":{"line":260,"column":52},"end":{"line":260,"column":59}}]},"32":{"line":264,"type":"if","locations":[{"start":{"line":264,"column":8},"end":{"line":264,"column":8}},{"start":{"line":264,"column":8},"end":{"line":264,"column":8}}]},"33":{"line":267,"type":"if","locations":[{"start":{"line":267,"column":8},"end":{"line":267,"column":8}},{"start":{"line":267,"column":8},"end":{"line":267,"column":8}}]},"34":{"line":268,"type":"if","locations":[{"start":{"line":268,"column":8},"end":{"line":268,"column":8}},{"start":{"line":268,"column":8},"end":{"line":268,"column":8}}]},"35":{"line":289,"type":"if","locations":[{"start":{"line":289,"column":8},"end":{"line":289,"column":8}},{"start":{"line":289,"column":8},"end":{"line":289,"column":8}}]},"36":{"line":290,"type":"cond-expr","locations":[{"start":{"line":290,"column":12},"end":{"line":290,"column":51}},{"start":{"line":291,"column":12},"end":{"line":291,"column":51}}]},"37":{"line":296,"type":"if","locations":[{"start":{"line":296,"column":14},"end":{"line":296,"column":29}},{"start":{"line":297,"column":14},"end":{"line":297,"column":29}}]},"38":{"line":312,"type":"if","locations":[{"start":{"line":312,"column":8},"end":{"line":312,"column":8}},{"start":{"line":312,"column":8},"end":{"line":312,"column":8}}]},"39":{"line":313,"type":"if","locations":[{"start":{"line":313,"column":8},"end":{"line":313,"column":8}},{"start":{"line":313,"column":8},"end":{"line":313,"column":8}}]},"40":{"line":336,"type":"if","locations":[{"start":{"line":336,"column":8},"end":{"line":336,"column":8}},{"start":{"line":336,"column":8},"end":{"line":336,"column":8}}]},"41":{"line":337,"type":"cond-expr","locations":[{"start":{"line":337,"column":12},"end":{"line":337,"column":52}},{"start":{"line":338,"column":12},"end":{"line":338,"column":52}}]},"42":{"line":343,"type":"if","locations":[{"start":{"line":343,"column":14},"end":{"line":343,"column":21}},{"start":{"line":344,"column":14},"end":{"line":344,"column":21}}]},"43":{"line":350,"type":"if","locations":[{"start":{"line":350,"column":33},"end":{"line":350,"column":33}},{"start":{"line":350,"column":33},"end":{"line":350,"column":33}}]},"44":{"line":358,"type":"if","locations":[{"start":{"line":358,"column":8},"end":{"line":358,"column":8}},{"start":{"line":358,"column":8},"end":{"line":358,"column":8}}]},"45":{"line":366,"type":"if","locations":[{"start":{"line":366,"column":15},"end":{"line":366,"column":15}},{"start":{"line":366,"column":15},"end":{"line":366,"column":15}}]}}},"contracts/TokenA.sol":{"l":{"11":17},"path":"/home/ubuntu/ethkipu/tp4/frontend-simpleswap-solidity/contracts/TokenA.sol","s":{"1":17},"b":{},"f":{"1":17},"fnMap":{"1":{"name":"constructor","line":9,"loc":{"start":{"line":9,"column":4},"end":{"line":12,"column":4}}}},"statementMap":{"1":{"start":{"line":11,"column":8},"end":{"line":11,"column":54}}},"branchMap":{}},"contracts/TokenB.sol":{"l":{"11":17},"path":"/home/ubuntu/ethkipu/tp4/frontend-simpleswap-solidity/contracts/TokenB.sol","s":{"1":17},"b":{},"f":{"1":17},"fnMap":{"1":{"name":"constructor","line":9,"loc":{"start":{"line":9,"column":4},"end":{"line":12,"column":4}}}},"statementMap":{"1":{"start":{"line":11,"column":8},"end":{"line":11,"column":54}}},"branchMap":{}}}