{"contracts/SimpleSwap.sol":{"l":{"64":18,"65":17,"66":17,"67":17,"75":24,"76":23,"81":15,"82":15,"114":16,"115":15,"117":14,"118":14,"121":14,"122":12,"123":12,"125":2,"126":2,"127":2,"128":1,"130":0,"131":0,"132":0,"137":13,"141":13,"147":13,"148":12,"150":1,"151":1,"152":1,"154":13,"157":13,"158":13,"159":13,"161":13,"196":4,"197":3,"198":3,"203":2,"204":2,"205":2,"206":2,"212":1,"213":1,"216":1,"220":1,"225":1,"227":1,"253":3,"256":2,"257":2,"260":2,"265":2,"268":1,"272":1,"277":1,"279":1,"280":1,"281":1,"283":1,"293":2,"298":1,"301":1,"316":3,"317":3,"319":3,"320":3,"321":3,"322":3,"333":0,"338":0,"341":0,"348":12,"349":12,"350":12,"351":12,"352":900,"353":900,"356":0},"path":"/home/ubuntu/ethkipu/tp4/frontend-simpleswap-solidity/contracts/SimpleSwap.sol","s":{"1":18,"2":17,"3":24,"4":16,"5":15,"6":14,"7":14,"8":14,"9":2,"10":2,"11":2,"12":0,"13":0,"14":13,"15":13,"16":13,"17":1,"18":1,"19":13,"20":13,"21":13,"22":13,"23":4,"24":3,"25":3,"26":2,"27":2,"28":1,"29":1,"30":1,"31":1,"32":1,"33":3,"34":2,"35":2,"36":2,"37":2,"38":1,"39":1,"40":1,"41":1,"42":2,"43":1,"44":3,"45":3,"46":3,"47":3,"48":3,"49":0,"50":0,"51":0,"52":12,"53":12,"54":12,"55":0},"b":{"1":[17,1],"2":[17,0],"3":[23,1],"4":[16,1],"5":[15,1],"6":[14,1],"7":[12,2],"8":[2,0],"9":[1,1],"10":[0,0],"11":[13,0],"12":[13,0],"13":[12,1],"14":[0,1],"15":[13,0],"16":[4,0],"17":[3,1],"18":[3,0],"19":[2,1],"20":[1,1],"21":[1,0],"22":[1,0],"23":[3,0],"24":[2,1],"25":[2,0],"26":[2,0],"27":[1,1],"28":[1,0],"29":[1,0],"30":[1,1],"31":[1,0],"32":[1,0],"33":[3,0],"34":[3,0],"35":[0,0],"36":[0,0],"37":[0,0],"38":[12,0],"39":[0,0]},"f":{"1":18,"2":24,"3":15,"4":16,"5":4,"6":3,"7":2,"8":3,"9":0,"10":12},"fnMap":{"1":{"name":"constructor","line":63,"loc":{"start":{"line":63,"column":0},"end":{"line":68,"column":0}}},"2":{"name":"ensure","line":74,"loc":{"start":{"line":74,"column":0},"end":{"line":77,"column":0}}},"3":{"name":"_updateReserves","line":80,"loc":{"start":{"line":80,"column":0},"end":{"line":83,"column":0}}},"4":{"name":"addLiquidity","line":108,"loc":{"start":{"line":99,"column":0},"end":{"line":169,"column":0}}},"5":{"name":"removeLiquidity","line":192,"loc":{"start":{"line":184,"column":0},"end":{"line":235,"column":0}}},"6":{"name":"swapExactTokensForTokens","line":252,"loc":{"start":{"line":246,"column":0},"end":{"line":284,"column":0}}},"7":{"name":"getPrice","line":292,"loc":{"start":{"line":292,"column":0},"end":{"line":302,"column":0}}},"8":{"name":"getAmountOut","line":311,"loc":{"start":{"line":311,"column":0},"end":{"line":323,"column":0}}},"9":{"name":"getAmountOut","line":328,"loc":{"start":{"line":328,"column":0},"end":{"line":342,"column":0}}},"10":{"name":"_sqrt","line":347,"loc":{"start":{"line":347,"column":0},"end":{"line":358,"column":0}}}},"statementMap":{"1":{"start":{"line":64,"column":4},"end":{"line":64,"column":51}},"2":{"start":{"line":65,"column":4},"end":{"line":65,"column":72}},"3":{"start":{"line":75,"column":4},"end":{"line":75,"column":50}},"4":{"start":{"line":114,"column":4},"end":{"line":114,"column":70}},"5":{"start":{"line":115,"column":4},"end":{"line":115,"column":49}},"6":{"start":{"line":117,"column":4},"end":{"line":117,"column":26}},"7":{"start":{"line":118,"column":4},"end":{"line":118,"column":26}},"8":{"start":{"line":121,"column":4},"end":{"line":121,"column":3686}},"9":{"start":{"line":125,"column":8},"end":{"line":125,"column":61}},"10":{"start":{"line":126,"column":8},"end":{"line":126,"column":3868}},"11":{"start":{"line":127,"column":12},"end":{"line":127,"column":73}},"12":{"start":{"line":130,"column":12},"end":{"line":130,"column":65}},"13":{"start":{"line":131,"column":12},"end":{"line":131,"column":73}},"14":{"start":{"line":137,"column":4},"end":{"line":137,"column":4340}},"15":{"start":{"line":141,"column":4},"end":{"line":141,"column":4466}},"16":{"start":{"line":147,"column":4},"end":{"line":147,"column":4628}},"17":{"start":{"line":150,"column":8},"end":{"line":150,"column":54}},"18":{"start":{"line":151,"column":8},"end":{"line":151,"column":54}},"19":{"start":{"line":154,"column":4},"end":{"line":154,"column":58}},"20":{"start":{"line":157,"column":4},"end":{"line":157,"column":23}},"21":{"start":{"line":159,"column":4},"end":{"line":159,"column":20}},"22":{"start":{"line":161,"column":4},"end":{"line":161,"column":5073}},"23":{"start":{"line":196,"column":4},"end":{"line":196,"column":70}},"24":{"start":{"line":197,"column":4},"end":{"line":197,"column":49}},"25":{"start":{"line":198,"column":4},"end":{"line":198,"column":6031}},"26":{"start":{"line":203,"column":4},"end":{"line":203,"column":40}},"27":{"start":{"line":206,"column":4},"end":{"line":206,"column":6301}},"28":{"start":{"line":212,"column":4},"end":{"line":212,"column":31}},"29":{"start":{"line":216,"column":4},"end":{"line":216,"column":6584}},"30":{"start":{"line":220,"column":4},"end":{"line":220,"column":6678}},"31":{"start":{"line":225,"column":4},"end":{"line":225,"column":20}},"32":{"start":{"line":227,"column":4},"end":{"line":227,"column":6798}},"33":{"start":{"line":253,"column":4},"end":{"line":253,"column":44}},"34":{"start":{"line":256,"column":4},"end":{"line":256,"column":55}},"35":{"start":{"line":257,"column":4},"end":{"line":257,"column":54}},"36":{"start":{"line":260,"column":4},"end":{"line":260,"column":7753}},"37":{"start":{"line":265,"column":4},"end":{"line":265,"column":67}},"38":{"start":{"line":268,"column":4},"end":{"line":268,"column":7999}},"39":{"start":{"line":272,"column":4},"end":{"line":272,"column":8121}},"40":{"start":{"line":277,"column":4},"end":{"line":277,"column":20}},"41":{"start":{"line":283,"column":4},"end":{"line":283,"column":58}},"42":{"start":{"line":293,"column":4},"end":{"line":293,"column":8664}},"43":{"start":{"line":301,"column":4},"end":{"line":301,"column":16}},"44":{"start":{"line":316,"column":4},"end":{"line":316,"column":53}},"45":{"start":{"line":317,"column":4},"end":{"line":317,"column":69}},"46":{"start":{"line":319,"column":4},"end":{"line":319,"column":45}},"47":{"start":{"line":320,"column":4},"end":{"line":320,"column":46}},"48":{"start":{"line":322,"column":4},"end":{"line":322,"column":20}},"49":{"start":{"line":333,"column":4},"end":{"line":333,"column":9815}},"50":{"start":{"line":338,"column":4},"end":{"line":338,"column":9994}},"51":{"start":{"line":341,"column":4},"end":{"line":341,"column":44}},"52":{"start":{"line":348,"column":4},"end":{"line":348,"column":10246}},"53":{"start":{"line":350,"column":8},"end":{"line":350,"column":29}},"54":{"start":{"line":351,"column":8},"end":{"line":351,"column":10317}},"55":{"start":{"line":355,"column":11},"end":{"line":355,"column":10402}}},"branchMap":{"1":{"line":64,"type":"if","locations":[{"start":{"line":64,"column":4},"end":{"line":64,"column":4}},{"start":{"line":64,"column":4},"end":{"line":64,"column":4}}]},"2":{"line":65,"type":"if","locations":[{"start":{"line":65,"column":4},"end":{"line":65,"column":4}},{"start":{"line":65,"column":4},"end":{"line":65,"column":4}}]},"3":{"line":75,"type":"if","locations":[{"start":{"line":75,"column":4},"end":{"line":75,"column":4}},{"start":{"line":75,"column":4},"end":{"line":75,"column":4}}]},"4":{"line":108,"type":"if","locations":[{"start":{"line":108,"column":11},"end":{"line":108,"column":11}},{"start":{"line":108,"column":11},"end":{"line":108,"column":11}}]},"5":{"line":114,"type":"if","locations":[{"start":{"line":114,"column":4},"end":{"line":114,"column":4}},{"start":{"line":114,"column":4},"end":{"line":114,"column":4}}]},"6":{"line":115,"type":"if","locations":[{"start":{"line":115,"column":4},"end":{"line":115,"column":4}},{"start":{"line":115,"column":4},"end":{"line":115,"column":4}}]},"7":{"line":121,"type":"if","locations":[{"start":{"line":121,"column":4},"end":{"line":121,"column":4}},{"start":{"line":121,"column":4},"end":{"line":121,"column":4}}]},"8":{"line":126,"type":"if","locations":[{"start":{"line":126,"column":8},"end":{"line":126,"column":8}},{"start":{"line":126,"column":8},"end":{"line":126,"column":8}}]},"9":{"line":127,"type":"if","locations":[{"start":{"line":127,"column":12},"end":{"line":127,"column":12}},{"start":{"line":127,"column":12},"end":{"line":127,"column":12}}]},"10":{"line":131,"type":"if","locations":[{"start":{"line":131,"column":12},"end":{"line":131,"column":12}},{"start":{"line":131,"column":12},"end":{"line":131,"column":12}}]},"11":{"line":137,"type":"if","locations":[{"start":{"line":137,"column":4},"end":{"line":137,"column":4}},{"start":{"line":137,"column":4},"end":{"line":137,"column":4}}]},"12":{"line":141,"type":"if","locations":[{"start":{"line":141,"column":4},"end":{"line":141,"column":4}},{"start":{"line":141,"column":4},"end":{"line":141,"column":4}}]},"13":{"line":147,"type":"if","locations":[{"start":{"line":147,"column":4},"end":{"line":147,"column":4}},{"start":{"line":147,"column":4},"end":{"line":147,"column":4}}]},"14":{"line":152,"type":"if","locations":[{"start":{"line":152,"column":34},"end":{"line":152,"column":37}},{"start":{"line":152,"column":41},"end":{"line":152,"column":44}}]},"15":{"line":154,"type":"if","locations":[{"start":{"line":154,"column":4},"end":{"line":154,"column":4}},{"start":{"line":154,"column":4},"end":{"line":154,"column":4}}]},"16":{"line":192,"type":"if","locations":[{"start":{"line":192,"column":11},"end":{"line":192,"column":11}},{"start":{"line":192,"column":11},"end":{"line":192,"column":11}}]},"17":{"line":196,"type":"if","locations":[{"start":{"line":196,"column":4},"end":{"line":196,"column":4}},{"start":{"line":196,"column":4},"end":{"line":196,"column":4}}]},"18":{"line":197,"type":"if","locations":[{"start":{"line":197,"column":4},"end":{"line":197,"column":4}},{"start":{"line":197,"column":4},"end":{"line":197,"column":4}}]},"19":{"line":198,"type":"if","locations":[{"start":{"line":198,"column":4},"end":{"line":198,"column":4}},{"start":{"line":198,"column":4},"end":{"line":198,"column":4}}]},"20":{"line":206,"type":"if","locations":[{"start":{"line":206,"column":4},"end":{"line":206,"column":4}},{"start":{"line":206,"column":4},"end":{"line":206,"column":4}}]},"21":{"line":216,"type":"if","locations":[{"start":{"line":216,"column":4},"end":{"line":216,"column":4}},{"start":{"line":216,"column":4},"end":{"line":216,"column":4}}]},"22":{"line":220,"type":"if","locations":[{"start":{"line":220,"column":4},"end":{"line":220,"column":4}},{"start":{"line":220,"column":4},"end":{"line":220,"column":4}}]},"23":{"line":252,"type":"if","locations":[{"start":{"line":252,"column":11},"end":{"line":252,"column":11}},{"start":{"line":252,"column":11},"end":{"line":252,"column":11}}]},"24":{"line":253,"type":"if","locations":[{"start":{"line":253,"column":4},"end":{"line":253,"column":4}},{"start":{"line":253,"column":4},"end":{"line":253,"column":4}}]},"25":{"line":256,"type":"if","locations":[{"start":{"line":256,"column":40},"end":{"line":256,"column":45}},{"start":{"line":256,"column":49},"end":{"line":256,"column":54}}]},"26":{"line":257,"type":"if","locations":[{"start":{"line":257,"column":39},"end":{"line":257,"column":44}},{"start":{"line":257,"column":48},"end":{"line":257,"column":53}}]},"27":{"line":265,"type":"if","locations":[{"start":{"line":265,"column":4},"end":{"line":265,"column":4}},{"start":{"line":265,"column":4},"end":{"line":265,"column":4}}]},"28":{"line":268,"type":"if","locations":[{"start":{"line":268,"column":4},"end":{"line":268,"column":4}},{"start":{"line":268,"column":4},"end":{"line":268,"column":4}}]},"29":{"line":272,"type":"if","locations":[{"start":{"line":272,"column":4},"end":{"line":272,"column":4}},{"start":{"line":272,"column":4},"end":{"line":272,"column":4}}]},"30":{"line":293,"type":"if","locations":[{"start":{"line":293,"column":4},"end":{"line":293,"column":4}},{"start":{"line":293,"column":4},"end":{"line":293,"column":4}}]},"31":{"line":294,"type":"cond-expr","locations":[{"start":{"line":294,"column":8},"end":{"line":294,"column":45}},{"start":{"line":295,"column":8},"end":{"line":295,"column":45}}]},"32":{"line":299,"type":"if","locations":[{"start":{"line":299,"column":10},"end":{"line":299,"column":37}},{"start":{"line":300,"column":10},"end":{"line":300,"column":37}}]},"33":{"line":316,"type":"if","locations":[{"start":{"line":316,"column":4},"end":{"line":316,"column":4}},{"start":{"line":316,"column":4},"end":{"line":316,"column":4}}]},"34":{"line":317,"type":"if","locations":[{"start":{"line":317,"column":4},"end":{"line":317,"column":4}},{"start":{"line":317,"column":4},"end":{"line":317,"column":4}}]},"35":{"line":333,"type":"if","locations":[{"start":{"line":333,"column":4},"end":{"line":333,"column":4}},{"start":{"line":333,"column":4},"end":{"line":333,"column":4}}]},"36":{"line":334,"type":"cond-expr","locations":[{"start":{"line":334,"column":8},"end":{"line":334,"column":48}},{"start":{"line":335,"column":8},"end":{"line":335,"column":48}}]},"37":{"line":339,"type":"if","locations":[{"start":{"line":339,"column":10},"end":{"line":339,"column":29}},{"start":{"line":340,"column":10},"end":{"line":340,"column":29}}]},"38":{"line":348,"type":"if","locations":[{"start":{"line":348,"column":4},"end":{"line":348,"column":4}},{"start":{"line":348,"column":4},"end":{"line":348,"column":4}}]},"39":{"line":355,"type":"if","locations":[{"start":{"line":355,"column":11},"end":{"line":355,"column":11}},{"start":{"line":355,"column":11},"end":{"line":355,"column":11}}]}}},"contracts/TokenA.sol":{"l":{"11":17},"path":"/home/ubuntu/ethkipu/tp4/frontend-simpleswap-solidity/contracts/TokenA.sol","s":{"1":17},"b":{},"f":{"1":17},"fnMap":{"1":{"name":"constructor","line":9,"loc":{"start":{"line":9,"column":4},"end":{"line":12,"column":4}}}},"statementMap":{"1":{"start":{"line":11,"column":8},"end":{"line":11,"column":54}}},"branchMap":{}},"contracts/TokenB.sol":{"l":{"11":17},"path":"/home/ubuntu/ethkipu/tp4/frontend-simpleswap-solidity/contracts/TokenB.sol","s":{"1":17},"b":{},"f":{"1":17},"fnMap":{"1":{"name":"constructor","line":9,"loc":{"start":{"line":9,"column":4},"end":{"line":12,"column":4}}}},"statementMap":{"1":{"start":{"line":11,"column":8},"end":{"line":11,"column":54}}},"branchMap":{}}}